<?xml version="1.0" encoding="UTF-8"?>
<!-- Generated by org.testng.reporters.JUnitReportReporter -->
<testsuite hostname="Marsel" failures="0" tests="1" name="TestRuner.TestRunerclass" time="65.838" errors="0" timestamp="2023-01-13T20:24:20 CST" skipped="0">
  <testcase classname="TestRuner.TestRunerclass" name="feature" time="65.838"/>
  <system-out/>
</testsuite> <!-- TestRuner.TestRunerclass -->
