<?xml version="1.0" encoding="UTF-8"?>
<!-- Generated by org.testng.reporters.JUnitReportReporter -->
<testsuite hostname="Marsel" failures="0" tests="1" name="TestRuner.TestRunerclass" time="15.144" errors="0" timestamp="2023-01-06T18:22:12 CST" skipped="0">
  <testcase classname="TestRuner.TestRunerclass" name="feature" time="15.144"/>
  <system-out/>
</testsuite> <!-- TestRuner.TestRunerclass -->
